Arguments: 
  /home/liam/.nvm/versions/node/v15.1.0/bin/node /home/liam/.nvm/versions/node/v15.1.0/bin/yarn init

PATH: 
  /home/liam/.vscode-server/bin/3c4e3df9e89829dce27b7b5c24508306b151f30d/bin:/home/liam/.nvm/versions/node/v15.1.0/bin:/usr/local/sbin:/usr/local/bin:/usr/sbin:/usr/bin:/sbin:/bin:/usr/games:/usr/local/games:/mnt/c/WINDOWS/system32:/mnt/c/WINDOWS:/mnt/c/WINDOWS/System32/Wbem:/mnt/c/WINDOWS/System32/WindowsPowerShell/v1.0/:/mnt/c/WINDOWS/System32/OpenSSH/:/mnt/c/Program Files (x86)/NVIDIA Corporation/PhysX/Common:/mnt/c/Program Files/NVIDIA Corporation/NVIDIA NvDLISR:/mnt/c/Users/liamt/AppData/Local/Microsoft/WindowsApps:/mnt/c/Users/liamt/AppData/Local/Programs/Microsoft VS Code/bin:/snap/bin:/home/liam/.yarn/bin:/home/liam/.yarn/bin

Yarn version: 
  1.22.10

Node version: 
  15.1.0

Platform: 
  linux x64

Trace: 
  Error: canceled
      at Interface.<anonymous> (/home/liam/.nvm/versions/node/v15.1.0/lib/node_modules/yarn/lib/cli.js:136216:13)
      at Interface.emit (node:events:327:20)
      at Interface._ttyWrite (node:readline:875:16)
      at ReadStream.onkeypress (node:readline:213:10)
      at ReadStream.emit (node:events:327:20)
      at emitKeys (node:internal/readline/utils:345:14)
      at emitKeys.next (<anonymous>)
      at ReadStream.onData (node:readline:1144:36)
      at ReadStream.emit (node:events:327:20)
      at addChunk (node:internal/streams/readable:304:12)

npm manifest: 
  No manifest

yarn manifest: 
  No manifest

Lockfile: 
  No lockfile
